
=== Sat Mar 11 14:10:16 2023

Packages were changed.
Update Mode: mergeDefaultDependencies

The following packages were added:
  com.unity.modules.ai@1.0.0
  com.unity.modules.androidjni@1.0.0
  com.unity.modules.animation@1.0.0
  com.unity.modules.assetbundle@1.0.0
  com.unity.modules.audio@1.0.0
  com.unity.modules.cloth@1.0.0
  com.unity.modules.director@1.0.0
  com.unity.modules.imageconversion@1.0.0
  com.unity.modules.imgui@1.0.0
  com.unity.modules.jsonserialize@1.0.0
  com.unity.modules.particlesystem@1.0.0
  com.unity.modules.physics@1.0.0
  com.unity.modules.physics2d@1.0.0
  com.unity.modules.screencapture@1.0.0
  com.unity.modules.terrain@1.0.0
  com.unity.modules.terrainphysics@1.0.0
  com.unity.modules.tilemap@1.0.0
  com.unity.modules.ui@1.0.0
  com.unity.modules.uielements@1.0.0
  com.unity.modules.umbra@1.0.0
  com.unity.modules.unityanalytics@1.0.0
  com.unity.modules.unitywebrequest@1.0.0
  com.unity.modules.unitywebrequestassetbundle@1.0.0
  com.unity.modules.unitywebrequestaudio@1.0.0
  com.unity.modules.unitywebrequesttexture@1.0.0
  com.unity.modules.unitywebrequestwww@1.0.0
  com.unity.modules.vehicles@1.0.0
  com.unity.modules.video@1.0.0
  com.unity.modules.vr@1.0.0
  com.unity.modules.wind@1.0.0
  com.unity.modules.xr@1.0.0
The following packages were updated:
  com.unity.collab-proxy from version 1.15.13 to 2.0.1
  com.unity.ide.rider from version 3.0.12 to 3.0.18
  com.unity.ide.visualstudio from version 2.0.14 to 2.0.17
  com.unity.render-pipelines.universal from version 12.1.3 to 12.1.10
  com.unity.visualscripting from version 1.7.6 to 1.8.0

=== Tue May 16 20:20:14 2023

Packages were changed.
Update Mode: updateDependencies

The following packages were updated:
  com.unity.ads from version 2.0.8 to 4.4.1
  com.unity.analytics from version 3.2.2 to 3.6.12
  com.unity.collab-proxy from version 1.2.15 to 2.0.1
  com.unity.postprocessing from version 2.2.2 to 3.2.2
  com.unity.purchasing from version 2.0.3 to 4.6.0
  com.unity.textmeshpro from version 1.3.0 to 3.0.6
The following packages were removed:
  com.unity.package-manager-ui@2.0.7

=== Tue May 16 20:20:15 2023

Packages were changed.
Update Mode: mergeDefaultDependencies

The following packages were added:
  com.unity.ads@4.4.1
  com.unity.analytics@3.6.12
  com.unity.postprocessing@3.2.2
  com.unity.purchasing@4.6.0

=== Tue May 16 20:51:09 2023

Packages were changed.
Update Mode: updateDependencies

The following packages were updated:
  com.unity.ads from version 2.0.8 to 4.4.1
  com.unity.analytics from version 3.2.2 to 3.6.12
  com.unity.collab-proxy from version 1.2.15 to 2.0.1
  com.unity.postprocessing from version 2.2.2 to 3.2.2
  com.unity.purchasing from version 2.0.3 to 4.6.0
  com.unity.textmeshpro from version 1.3.0 to 3.0.6
The following packages were removed:
  com.unity.package-manager-ui@2.0.7

=== Tue May 16 20:51:10 2023

Packages were changed.
Update Mode: mergeDefaultDependencies

The following packages were added:
  com.unity.ads@4.4.1
